2015-09-22 11:37:17,259 [main] INFO  marytts.main Mary starting up...
2015-09-22 11:37:17,262 [main] INFO  marytts.main Specification version 5.1.2
2015-09-22 11:37:17,263 [main] INFO  marytts.main Implementation version unknown
2015-09-22 11:37:17,263 [main] INFO  marytts.main Running on a Java 1.8.0_51 implementation by Oracle Corporation, on a Mac OS X platform (x86_64, 10.9.5)
2015-09-22 11:37:17,446 [main] INFO  marytts.ModuleRegistry Now initiating mary module 'marytts.language.de.JTokeniser'
2015-09-22 11:37:17,452 [main] INFO  marytts.ModuleRegistry Now initiating mary module 'marytts.language.de.Preprocess'
2015-09-22 11:37:17,453 [main] INFO  marytts.ModuleRegistry Now initiating mary module 'marytts.modules.OpenNLPPosTagger(de,de.pos)'
2015-09-22 11:37:17,454 [main] INFO  marytts.ModuleRegistry Now initiating mary module 'marytts.language.de.JPhonemiser'
2015-09-22 11:37:17,456 [main] INFO  marytts.JPhonemiser_de User dictionary './user-dictionaries/userdict-de.txt' for locale 'de' does not exist. Ignoring.
2015-09-22 11:37:17,490 [main] INFO  marytts.ModuleRegistry Now initiating mary module 'marytts.language.de.Prosody'
2015-09-22 11:37:17,496 [main] INFO  marytts.ModuleRegistry Now initiating mary module 'marytts.language.de.Postlex'
2015-09-22 11:37:17,498 [main] INFO  marytts.ModuleRegistry Now initiating mary module 'marytts.modules.SimplePhoneme2AP(de)'
2015-09-22 11:37:17,499 [main] INFO  marytts.ModuleRegistry Now initiating mary module 'marytts.language.en.JTokeniser'
2015-09-22 11:37:17,500 [main] INFO  marytts.ModuleRegistry Now initiating mary module 'marytts.language.en.FreeTTSTokenToWords'
2015-09-22 11:37:17,506 [main] INFO  marytts.ModuleRegistry Now initiating mary module 'marytts.modules.JPhonemiser(en_US.)'
2015-09-22 11:37:17,506 [main] INFO  marytts.JPhonemiser User dictionary './user-dictionaries/userdict-en_US.txt' for locale 'en_US' does not exist. Ignoring.
2015-09-22 11:37:17,537 [main] INFO  marytts.ModuleRegistry Now initiating mary module 'marytts.modules.JPhonemiser(en_GB.)'
2015-09-22 11:37:17,538 [main] INFO  marytts.JPhonemiser User dictionary './user-dictionaries/userdict-en_GB.txt' for locale 'en_GB' does not exist. Ignoring.
2015-09-22 11:37:17,576 [main] INFO  marytts.ModuleRegistry Now initiating mary module 'marytts.language.en.Prosody'
2015-09-22 11:37:17,577 [main] INFO  marytts.ModuleRegistry Now initiating mary module 'marytts.modules.SimplePhoneme2AP(en_US)'
2015-09-22 11:37:17,577 [main] INFO  marytts.ModuleRegistry Now initiating mary module 'marytts.language.en.Utt2XMLWordsEn'
2015-09-22 11:37:17,580 [main] INFO  marytts.ModuleRegistry Now initiating mary module 'marytts.language.en.XML2UttTokensEn'
2015-09-22 11:37:17,585 [main] INFO  marytts.ModuleRegistry Now initiating mary module 'marytts.language.en.PronunciationModel'
2015-09-22 11:37:17,586 [main] INFO  marytts.ModuleRegistry Now initiating mary module 'marytts.modules.OpenNLPPosTagger(en,en.pos)'
2015-09-22 11:37:17,587 [main] INFO  marytts.ModuleRegistry Now initiating mary module 'marytts.modules.Synthesis'
2015-09-22 11:37:17,588 [main] INFO  marytts.ModuleRegistry Now initiating mary module 'marytts.modules.TextToMaryXML'
2015-09-22 11:37:17,589 [main] INFO  marytts.ModuleRegistry Now initiating mary module 'marytts.modules.SableParser'
2015-09-22 11:37:17,590 [main] INFO  marytts.ModuleRegistry Now initiating mary module 'marytts.modules.SSMLParser'
2015-09-22 11:37:17,591 [main] INFO  marytts.ModuleRegistry Now initiating mary module 'marytts.modules.APMLParser'
2015-09-22 11:37:17,592 [main] INFO  marytts.ModuleRegistry Now initiating mary module 'marytts.modules.EmotionmlParser'
2015-09-22 11:37:17,593 [main] INFO  marytts.ModuleRegistry Now initiating mary module 'marytts.modules.JTokeniser'
2015-09-22 11:37:17,593 [main] INFO  marytts.ModuleRegistry Now initiating mary module 'marytts.modules.DummyTokens2Words'
2015-09-22 11:37:17,593 [main] INFO  marytts.ModuleRegistry Now initiating mary module 'marytts.modules.ProsodyGeneric'
2015-09-22 11:37:17,593 [main] INFO  marytts.ModuleRegistry Now initiating mary module 'marytts.modules.PronunciationModel'
2015-09-22 11:37:17,593 [main] INFO  marytts.ModuleRegistry Now initiating mary module 'marytts.modules.TargetFeatureLister'
2015-09-22 11:37:17,594 [main] INFO  marytts.ModuleRegistry Now initiating mary module 'marytts.modules.HalfPhoneTargetFeatureLister'
2015-09-22 11:37:17,595 [main] INFO  marytts.ModuleRegistry Now initiating mary module 'marytts.modules.AcousticModeller'
2015-09-22 11:37:17,596 [main] INFO  marytts.ModuleRegistry Now initiating mary module 'marytts.modules.RealisedAcoustparamsExtractor'
2015-09-22 11:37:17,597 [main] INFO  marytts.ModuleRegistry Now initiating mary module 'marytts.modules.RealisedDurationsExtractor'
2015-09-22 11:37:17,597 [main] INFO  marytts.ModuleRegistry Now initiating mary module 'marytts.modules.HTSEngine'
2015-09-22 11:37:17,599 [main] INFO  marytts.ModuleRegistry Now initiating mary module 'marytts.modules.PraatTextGridGenerator'
2015-09-22 11:37:17,602 [main] INFO  marytts.JTokeniser Module started (RAWMARYXML->TOKENS, locale de).
2015-09-22 11:37:17,633 [main] INFO  marytts.JTokeniser Starting power-on self test.
2015-09-22 11:37:17,648 [main] INFO  marytts.JTokeniser Power-on self test complete.
2015-09-22 11:37:17,649 [main] INFO  marytts.Preprocess Module started (TOKENS->WORDS, locale de).
2015-09-22 11:37:17,649 [main] INFO  marytts.Preprocess Starting power-on self test.
2015-09-22 11:37:17,650 [main] INFO  marytts.Preprocess Expanding say-as elements...
2015-09-22 11:37:17,650 [main] INFO  marytts.Preprocess Matching and expanding patterns...
2015-09-22 11:37:17,689 [main] INFO  marytts.Preprocess Done.
2015-09-22 11:37:17,689 [main] INFO  marytts.Preprocess Power-on self test complete.
2015-09-22 11:37:17,689 [main] INFO  marytts.OpenNLPPosTagger Module started (WORDS->PARTSOFSPEECH, locale de).
2015-09-22 11:37:18,199 [main] INFO  marytts.OpenNLPPosTagger Starting power-on self test.
2015-09-22 11:37:18,200 [main] INFO  marytts.OpenNLPPosTagger Power-on self test complete.
2015-09-22 11:37:18,200 [main] INFO  marytts.JPhonemiser_de Module started (PARTSOFSPEECH->PHONEMES, locale de).
2015-09-22 11:37:18,218 [main] INFO  marytts.JPhonemiser_de Starting power-on self test.
2015-09-22 11:37:18,218 [main] INFO  marytts.JPhonemiser_de Power-on self test complete.
2015-09-22 11:37:18,229 [main] INFO  marytts.Prosody Module started (PHONEMES->INTONATION, locale de).
2015-09-22 11:37:18,229 [main] INFO  marytts.Prosody Starting power-on self test.
2015-09-22 11:37:18,229 [main] INFO  marytts.Prosody Power-on self test complete.
2015-09-22 11:37:18,229 [main] INFO  marytts.PronunciationModel Module started (INTONATION->ALLOPHONES, locale de).
2015-09-22 11:37:18,231 [main] INFO  marytts.PronunciationModel Starting power-on self test.
2015-09-22 11:37:18,232 [main] INFO  marytts.PronunciationModel Power-on self test complete.
2015-09-22 11:37:18,234 [main] INFO  marytts.SimplePhoneme2AP Module started (SIMPLEPHONEMES->ACOUSTPARAMS, locale de).
2015-09-22 11:37:18,234 [main] INFO  marytts.SimplePhoneme2AP Starting power-on self test.
2015-09-22 11:37:18,235 [main] INFO  marytts.SimplePhoneme2AP Power-on self test complete.
2015-09-22 11:37:18,235 [main] INFO  marytts.JTokeniser Module started (RAWMARYXML->TOKENS, locale en).
2015-09-22 11:37:18,276 [main] INFO  marytts.JTokeniser Starting power-on self test.
2015-09-22 11:37:18,276 [main] INFO  marytts.JTokeniser Power-on self test complete.
2015-09-22 11:37:18,276 [main] INFO  marytts.TokenToWords Module started (FREETTS_TOKENS->FREETTS_WORDS, locale en).
2015-09-22 11:37:18,285 [main] INFO  marytts.FreeTTSVoices Loading US English FreeTTS voices...
2015-09-22 11:37:18,291 [main] INFO  marytts.FreeTTSVoices done.
2015-09-22 11:37:18,439 [main] INFO  marytts.TokenToWords Starting power-on self test.
2015-09-22 11:37:18,439 [main] INFO  marytts.TokenToWords Power-on self test complete.
2015-09-22 11:37:18,439 [main] INFO  marytts.JPhonemiser Module started (PARTSOFSPEECH->PHONEMES, locale en_US).
2015-09-22 11:37:18,439 [main] INFO  marytts.JPhonemiser Starting power-on self test.
2015-09-22 11:37:18,440 [main] INFO  marytts.JPhonemiser Power-on self test complete.
2015-09-22 11:37:18,440 [main] INFO  marytts.JPhonemiser Module started (PARTSOFSPEECH->PHONEMES, locale en_GB).
2015-09-22 11:37:18,440 [main] INFO  marytts.JPhonemiser Starting power-on self test.
2015-09-22 11:37:18,440 [main] INFO  marytts.JPhonemiser Power-on self test complete.
2015-09-22 11:37:18,443 [main] INFO  marytts.Prosody Module started (PHONEMES->INTONATION, locale en).
2015-09-22 11:37:18,443 [main] INFO  marytts.Prosody Starting power-on self test.
2015-09-22 11:37:18,443 [main] INFO  marytts.Prosody Power-on self test complete.
2015-09-22 11:37:18,444 [main] INFO  marytts.SimplePhoneme2AP Module started (SIMPLEPHONEMES->ACOUSTPARAMS, locale en_US).
2015-09-22 11:37:18,444 [main] INFO  marytts.SimplePhoneme2AP Starting power-on self test.
2015-09-22 11:37:18,445 [main] INFO  marytts.SimplePhoneme2AP Power-on self test complete.
2015-09-22 11:37:18,446 [main] INFO  marytts.Utt2XML WordsEn Module started (FREETTS_WORDS->WORDS, locale en).
2015-09-22 11:37:18,446 [main] INFO  marytts.FreeTTSVoices Loading US English FreeTTS voices...
2015-09-22 11:37:18,446 [main] INFO  marytts.FreeTTSVoices done.
2015-09-22 11:37:18,446 [main] INFO  marytts.Utt2XML WordsEn Starting power-on self test.
2015-09-22 11:37:18,446 [main] INFO  marytts.Utt2XML WordsEn Power-on self test complete.
2015-09-22 11:37:18,446 [main] INFO  marytts.XML2Utt TokensEn Module started (TOKENS->FREETTS_TOKENS, locale en).
2015-09-22 11:37:18,446 [main] INFO  marytts.FreeTTSVoices Loading US English FreeTTS voices...
2015-09-22 11:37:18,446 [main] INFO  marytts.FreeTTSVoices done.
2015-09-22 11:37:18,446 [main] INFO  marytts.XML2Utt TokensEn Starting power-on self test.
2015-09-22 11:37:18,447 [main] INFO  marytts.XML2Utt TokensEn Power-on self test complete.
2015-09-22 11:37:18,447 [main] INFO  marytts.PronunciationModel Module started (INTONATION->ALLOPHONES, locale en).
2015-09-22 11:37:18,447 [main] INFO  marytts.PronunciationModel Starting power-on self test.
2015-09-22 11:37:18,447 [main] INFO  marytts.PronunciationModel Power-on self test complete.
2015-09-22 11:37:18,447 [main] INFO  marytts.OpenNLPPosTagger Module started (WORDS->PARTSOFSPEECH, locale en).
2015-09-22 11:37:19,100 [main] INFO  marytts.OpenNLPPosTagger Starting power-on self test.
2015-09-22 11:37:19,101 [main] INFO  marytts.OpenNLPPosTagger Power-on self test complete.
2015-09-22 11:37:19,392 [main] INFO  marytts.Voice Registering voice `cmu-slt': female, locale en_US
2015-09-22 11:37:19,400 [main] INFO  marytts.Voice New default voice for locale en_US: cmu-slt (desire 0)
2015-09-22 11:37:19,400 [main] INFO  marytts.UnitSelectionSynthesizer Loading of voice cmu-slt took 296 milliseconds
2015-09-22 11:37:19,400 [main] INFO  marytts.UnitSelectionSynthesizer started.
2015-09-22 11:37:19,402 [main] INFO  marytts.TargetFeatureLister Module started (ACOUSTPARAMS->TARGETFEATURES, locale null).
2015-09-22 11:37:19,402 [main] INFO  marytts.HTSEngine Module started (TARGETFEATURES->AUDIO, locale null).
2015-09-22 11:37:19,402 [main] INFO  marytts.HMMSynthesizer started.
2015-09-22 11:37:19,402 [main] INFO  marytts.Synthesis Module started (ACOUSTPARAMS->AUDIO, locale null).
2015-09-22 11:37:19,497 [main] INFO  marytts.UnitSelectionSynthesizer Power-on self test complete.
2015-09-22 11:37:19,497 [main] INFO  marytts.HMMSynthesizer Starting power-on self test.
2015-09-22 11:37:19,499 [main] INFO  marytts.TextToMaryXML Module started (TEXT->RAWMARYXML, locale null).
2015-09-22 11:37:19,499 [main] INFO  marytts.TextToMaryXML Starting power-on self test.
2015-09-22 11:37:19,500 [main] WARN  marytts.TextToMaryXML Locale is null, overriding with en_US
2015-09-22 11:37:19,500 [main] WARN  marytts.TextToMaryXML Locale is null, overriding with en_US
2015-09-22 11:37:19,500 [main] INFO  marytts.TextToMaryXML Power-on self test complete.
2015-09-22 11:37:19,723 [main] INFO  marytts.SableParser Module started (SABLE->RAWMARYXML, locale null).
2015-09-22 11:37:19,723 [main] INFO  marytts.SableParser Starting power-on self test.
2015-09-22 11:37:19,724 [main] INFO  marytts.SableParser Power-on self test complete.
2015-09-22 11:37:19,762 [main] INFO  marytts.SSMLParser Module started (SSML->RAWMARYXML, locale null).
2015-09-22 11:37:19,762 [main] INFO  marytts.SSMLParser Starting power-on self test.
2015-09-22 11:37:19,762 [main] INFO  marytts.SSMLParser Power-on self test complete.
2015-09-22 11:37:19,798 [main] INFO  marytts.APMLParser Module started (APML->RAWMARYXML, locale null).
2015-09-22 11:37:19,799 [main] INFO  marytts.APMLParser Starting power-on self test.
2015-09-22 11:37:19,799 [main] INFO  marytts.APMLParser Power-on self test complete.
2015-09-22 11:37:19,833 [main] INFO  marytts.EmotionmlParser Module started (EMOTIONML->RAWMARYXML, locale null).
2015-09-22 11:37:19,833 [main] INFO  marytts.EmotionmlParser Starting power-on self test.
2015-09-22 11:37:19,833 [main] INFO  marytts.EmotionmlParser Power-on self test complete.
2015-09-22 11:37:19,833 [main] INFO  marytts.JTokeniser Module started (RAWMARYXML->TOKENS, locale null).
2015-09-22 11:37:19,849 [main] INFO  marytts.JTokeniser Starting power-on self test.
2015-09-22 11:37:19,850 [main] INFO  marytts.JTokeniser Power-on self test complete.
2015-09-22 11:37:19,850 [main] INFO  marytts.DummyTokens2Words Module started (TOKENS->WORDS, locale null).
2015-09-22 11:37:19,850 [main] INFO  marytts.DummyTokens2Words Starting power-on self test.
2015-09-22 11:37:19,851 [main] INFO  marytts.DummyTokens2Words Power-on self test complete.
2015-09-22 11:37:19,855 [main] INFO  marytts.Prosody Module started (PHONEMES->INTONATION, locale null).
2015-09-22 11:37:19,855 [main] INFO  marytts.Prosody Starting power-on self test.
2015-09-22 11:37:19,856 [main] INFO  marytts.Prosody Power-on self test complete.
2015-09-22 11:37:19,856 [main] INFO  marytts.PronunciationModel Module started (INTONATION->ALLOPHONES, locale null).
2015-09-22 11:37:19,856 [main] INFO  marytts.PronunciationModel Starting power-on self test.
2015-09-22 11:37:19,856 [main] INFO  marytts.PronunciationModel Power-on self test complete.
2015-09-22 11:37:19,857 [main] INFO  marytts.TargetFeatureLister Starting power-on self test.
2015-09-22 11:37:19,857 [main] INFO  marytts.TargetFeatureLister Power-on self test complete.
2015-09-22 11:37:19,857 [main] INFO  marytts.TargetFeatureLister Module started (ACOUSTPARAMS->HALFPHONE_TARGETFEATURES, locale null).
2015-09-22 11:37:19,857 [main] INFO  marytts.TargetFeatureLister Starting power-on self test.
2015-09-22 11:37:19,857 [main] INFO  marytts.TargetFeatureLister Power-on self test complete.
2015-09-22 11:37:19,857 [main] INFO  marytts.AcousticModeller Module started (ALLOPHONES->ACOUSTPARAMS, locale null).
2015-09-22 11:37:19,857 [main] INFO  marytts.AcousticModeller Starting power-on self test.
2015-09-22 11:37:19,858 [main] INFO  marytts.AcousticModeller Power-on self test complete.
2015-09-22 11:37:19,858 [main] INFO  marytts.Realised acoustparams extractor Module started (AUDIO->REALISED_ACOUSTPARAMS, locale null).
2015-09-22 11:37:19,858 [main] INFO  marytts.Realised acoustparams extractor Starting power-on self test.
2015-09-22 11:37:19,858 [main] INFO  marytts.Realised acoustparams extractor Power-on self test complete.
2015-09-22 11:37:19,858 [main] INFO  marytts.Realised durations extractor Module started (AUDIO->REALISED_DURATIONS, locale null).
2015-09-22 11:37:19,858 [main] INFO  marytts.Realised durations extractor Starting power-on self test.
2015-09-22 11:37:19,858 [main] INFO  marytts.Realised durations extractor Power-on self test complete.
2015-09-22 11:37:19,858 [main] INFO  marytts.Praat TextGrid generator Module started (AUDIO->PRAAT_TEXTGRID, locale null).
2015-09-22 11:37:19,858 [main] INFO  marytts.Praat TextGrid generator Starting power-on self test.
2015-09-22 11:37:19,859 [main] INFO  marytts.Praat TextGrid generator Power-on self test complete.
2015-09-22 11:37:19,860 [main] INFO  marytts.main Startup complete.
2015-09-22 11:37:24,903 [pool-1-thread-1] INFO  marytts.R 1 New request (input type "SSML", output type "REALISED_ACOUSTPARAMS", voice "cmu-slt", audio "WAVE")
2015-09-22 11:37:24,904 [pool-1-thread-1] INFO  marytts.R 1 Handling request using the following modules:
2015-09-22 11:37:24,904 [pool-1-thread-1] INFO  marytts.R 1 - SSMLParser (marytts.modules.SSMLParser)
2015-09-22 11:37:24,904 [pool-1-thread-1] INFO  marytts.R 1 Next module: SSMLParser
2015-09-22 11:37:24,992 [pool-1-thread-1] INFO  marytts.R 1 Handling request using the following modules:
2015-09-22 11:37:24,992 [pool-1-thread-1] INFO  marytts.R 1 - JTokeniser (marytts.language.en.JTokeniser)
2015-09-22 11:37:24,992 [pool-1-thread-1] INFO  marytts.R 1 - XML2Utt TokensEn (marytts.language.en.XML2UttTokensEn)
2015-09-22 11:37:24,993 [pool-1-thread-1] INFO  marytts.R 1 - TokenToWords (marytts.language.en.FreeTTSTokenToWords)
2015-09-22 11:37:24,993 [pool-1-thread-1] INFO  marytts.R 1 - Utt2XML WordsEn (marytts.language.en.Utt2XMLWordsEn)
2015-09-22 11:37:24,993 [pool-1-thread-1] INFO  marytts.R 1 - OpenNLPPosTagger (marytts.modules.OpenNLPPosTagger)
2015-09-22 11:37:24,993 [pool-1-thread-1] INFO  marytts.R 1 - JPhonemiser (marytts.modules.JPhonemiser)
2015-09-22 11:37:24,993 [pool-1-thread-1] INFO  marytts.R 1 - Prosody (marytts.language.en.Prosody)
2015-09-22 11:37:24,993 [pool-1-thread-1] INFO  marytts.R 1 - PronunciationModel (marytts.language.en.PronunciationModel)
2015-09-22 11:37:24,993 [pool-1-thread-1] INFO  marytts.R 1 - AcousticModeller (marytts.modules.AcousticModeller)
2015-09-22 11:37:24,993 [pool-1-thread-1] INFO  marytts.R 1 - Synthesis (marytts.modules.Synthesis)
2015-09-22 11:37:24,993 [pool-1-thread-1] INFO  marytts.R 1 - Realised acoustparams extractor (marytts.modules.RealisedAcoustparamsExtractor)
2015-09-22 11:37:24,993 [pool-1-thread-1] INFO  marytts.R 1 Next module: JTokeniser
2015-09-22 11:37:24,994 [pool-1-thread-1] INFO  marytts.R 1 Next module: XML2Utt TokensEn
2015-09-22 11:37:24,999 [pool-1-thread-1] INFO  marytts.R 1 Next module: TokenToWords
2015-09-22 11:37:25,002 [pool-1-thread-1] INFO  marytts.R 1 Next module: Utt2XML WordsEn
2015-09-22 11:37:25,004 [pool-1-thread-1] INFO  marytts.R 1 Next module: OpenNLPPosTagger
2015-09-22 11:37:25,009 [pool-1-thread-1] INFO  marytts.R 1 Next module: JPhonemiser
2015-09-22 11:37:25,019 [pool-1-thread-1] INFO  marytts.R 1 Next module: Prosody
2015-09-22 11:37:25,025 [pool-1-thread-1] INFO  marytts.R 1 Next module: PronunciationModel
2015-09-22 11:37:25,027 [pool-1-thread-1] INFO  marytts.R 1 Next module: AcousticModeller
2015-09-22 11:37:25,104 [pool-1-thread-1] INFO  marytts.R 1 Next module: Synthesis
2015-09-22 11:37:25,167 [pool-1-thread-1] INFO  marytts.Synthesis Audio format conversion required for voice cmu-slt
2015-09-22 11:37:25,303 [pool-1-thread-1] INFO  marytts.Synthesis Audio format conversion required for voice cmu-slt
2015-09-22 11:37:25,304 [pool-1-thread-1] INFO  marytts.R 1 Next module: Realised acoustparams extractor
2015-09-22 11:37:25,308 [pool-1-thread-1] INFO  marytts.R 1 Request processed in 404 ms.
2015-09-22 11:37:25,308 [pool-1-thread-1] INFO  marytts.R 1    SSMLParser took 87 ms
2015-09-22 11:37:25,308 [pool-1-thread-1] INFO  marytts.R 1    JTokeniser took 1 ms
2015-09-22 11:37:25,308 [pool-1-thread-1] INFO  marytts.R 1    XML2Utt TokensEn took 5 ms
2015-09-22 11:37:25,308 [pool-1-thread-1] INFO  marytts.R 1    TokenToWords took 3 ms
2015-09-22 11:37:25,308 [pool-1-thread-1] INFO  marytts.R 1    Utt2XML WordsEn took 2 ms
2015-09-22 11:37:25,308 [pool-1-thread-1] INFO  marytts.R 1    OpenNLPPosTagger took 5 ms
2015-09-22 11:37:25,308 [pool-1-thread-1] INFO  marytts.R 1    JPhonemiser took 10 ms
2015-09-22 11:37:25,308 [pool-1-thread-1] INFO  marytts.R 1    Prosody took 6 ms
2015-09-22 11:37:25,308 [pool-1-thread-1] INFO  marytts.R 1    PronunciationModel took 2 ms
2015-09-22 11:37:25,308 [pool-1-thread-1] INFO  marytts.R 1    AcousticModeller took 76 ms
2015-09-22 11:37:25,308 [pool-1-thread-1] INFO  marytts.R 1    Synthesis took 201 ms
2015-09-22 11:37:25,308 [pool-1-thread-1] INFO  marytts.R 1    Realised acoustparams extractor took 0 ms
2015-09-22 11:37:25,318 [pool-1-thread-1] INFO  marytts.R 1 New request (input type "ACOUSTPARAMS", output type "AUDIO", voice "cmu-slt", audio "WAVE")
2015-09-22 11:37:25,319 [pool-1-thread-1] INFO  marytts.R 1 Handling request using the following modules:
2015-09-22 11:37:25,319 [pool-1-thread-1] INFO  marytts.R 1 - Synthesis (marytts.modules.Synthesis)
2015-09-22 11:37:25,319 [pool-1-thread-1] INFO  marytts.R 1 Next module: Synthesis
2015-09-22 11:37:25,334 [pool-1-thread-1] INFO  marytts.Synthesis Audio format conversion required for voice cmu-slt
2015-09-22 11:37:25,443 [pool-1-thread-1] INFO  marytts.Synthesis Audio format conversion required for voice cmu-slt
2015-09-22 11:37:33,241 [pool-1-thread-1] INFO  marytts.R 1 New request (input type "SSML", output type "REALISED_ACOUSTPARAMS", voice "cmu-slt", audio "WAVE")
2015-09-22 11:37:33,242 [pool-1-thread-1] INFO  marytts.R 1 Handling request using the following modules:
2015-09-22 11:37:33,242 [pool-1-thread-1] INFO  marytts.R 1 - SSMLParser (marytts.modules.SSMLParser)
2015-09-22 11:37:33,242 [pool-1-thread-1] INFO  marytts.R 1 Next module: SSMLParser
2015-09-22 11:37:33,244 [pool-1-thread-1] INFO  marytts.R 1 Handling request using the following modules:
2015-09-22 11:37:33,244 [pool-1-thread-1] INFO  marytts.R 1 - JTokeniser (marytts.language.en.JTokeniser)
2015-09-22 11:37:33,244 [pool-1-thread-1] INFO  marytts.R 1 - XML2Utt TokensEn (marytts.language.en.XML2UttTokensEn)
2015-09-22 11:37:33,244 [pool-1-thread-1] INFO  marytts.R 1 - TokenToWords (marytts.language.en.FreeTTSTokenToWords)
2015-09-22 11:37:33,244 [pool-1-thread-1] INFO  marytts.R 1 - Utt2XML WordsEn (marytts.language.en.Utt2XMLWordsEn)
2015-09-22 11:37:33,244 [pool-1-thread-1] INFO  marytts.R 1 - OpenNLPPosTagger (marytts.modules.OpenNLPPosTagger)
2015-09-22 11:37:33,244 [pool-1-thread-1] INFO  marytts.R 1 - JPhonemiser (marytts.modules.JPhonemiser)
2015-09-22 11:37:33,244 [pool-1-thread-1] INFO  marytts.R 1 - Prosody (marytts.language.en.Prosody)
2015-09-22 11:37:33,244 [pool-1-thread-1] INFO  marytts.R 1 - PronunciationModel (marytts.language.en.PronunciationModel)
2015-09-22 11:37:33,244 [pool-1-thread-1] INFO  marytts.R 1 - AcousticModeller (marytts.modules.AcousticModeller)
2015-09-22 11:37:33,244 [pool-1-thread-1] INFO  marytts.R 1 - Synthesis (marytts.modules.Synthesis)
2015-09-22 11:37:33,244 [pool-1-thread-1] INFO  marytts.R 1 - Realised acoustparams extractor (marytts.modules.RealisedAcoustparamsExtractor)
2015-09-22 11:37:33,244 [pool-1-thread-1] INFO  marytts.R 1 Next module: JTokeniser
2015-09-22 11:37:33,244 [pool-1-thread-1] INFO  marytts.R 1 Next module: XML2Utt TokensEn
2015-09-22 11:37:33,245 [pool-1-thread-1] INFO  marytts.R 1 Next module: TokenToWords
2015-09-22 11:37:33,245 [pool-1-thread-1] INFO  marytts.R 1 Next module: Utt2XML WordsEn
2015-09-22 11:37:33,245 [pool-1-thread-1] INFO  marytts.R 1 Next module: OpenNLPPosTagger
2015-09-22 11:37:33,246 [pool-1-thread-1] INFO  marytts.R 1 Next module: JPhonemiser
2015-09-22 11:37:33,247 [pool-1-thread-1] INFO  marytts.R 1 Next module: Prosody
2015-09-22 11:37:33,248 [pool-1-thread-1] INFO  marytts.R 1 Next module: PronunciationModel
2015-09-22 11:37:33,249 [pool-1-thread-1] INFO  marytts.R 1 Next module: AcousticModeller
2015-09-22 11:37:33,259 [pool-1-thread-1] INFO  marytts.R 1 Next module: Synthesis
2015-09-22 11:37:33,324 [pool-1-thread-1] INFO  marytts.Synthesis Audio format conversion required for voice cmu-slt
2015-09-22 11:37:33,325 [pool-1-thread-1] INFO  marytts.R 1 Next module: Realised acoustparams extractor
2015-09-22 11:37:33,326 [pool-1-thread-1] INFO  marytts.R 1 Request processed in 84 ms.
2015-09-22 11:37:33,326 [pool-1-thread-1] INFO  marytts.R 1    SSMLParser took 1 ms
2015-09-22 11:37:33,326 [pool-1-thread-1] INFO  marytts.R 1    JTokeniser took 0 ms
2015-09-22 11:37:33,326 [pool-1-thread-1] INFO  marytts.R 1    XML2Utt TokensEn took 1 ms
2015-09-22 11:37:33,326 [pool-1-thread-1] INFO  marytts.R 1    TokenToWords took 0 ms
2015-09-22 11:37:33,326 [pool-1-thread-1] INFO  marytts.R 1    Utt2XML WordsEn took 0 ms
2015-09-22 11:37:33,326 [pool-1-thread-1] INFO  marytts.R 1    OpenNLPPosTagger took 1 ms
2015-09-22 11:37:33,326 [pool-1-thread-1] INFO  marytts.R 1    JPhonemiser took 1 ms
2015-09-22 11:37:33,326 [pool-1-thread-1] INFO  marytts.R 1    Prosody took 1 ms
2015-09-22 11:37:33,326 [pool-1-thread-1] INFO  marytts.R 1    PronunciationModel took 1 ms
2015-09-22 11:37:33,326 [pool-1-thread-1] INFO  marytts.R 1    AcousticModeller took 10 ms
2015-09-22 11:37:33,326 [pool-1-thread-1] INFO  marytts.R 1    Synthesis took 66 ms
2015-09-22 11:37:33,326 [pool-1-thread-1] INFO  marytts.R 1    Realised acoustparams extractor took 0 ms
2015-09-22 11:37:33,326 [pool-1-thread-1] INFO  marytts.R 1 New request (input type "ACOUSTPARAMS", output type "AUDIO", voice "cmu-slt", audio "WAVE")
2015-09-22 11:37:33,326 [pool-1-thread-1] INFO  marytts.R 1 Handling request using the following modules:
2015-09-22 11:37:33,327 [pool-1-thread-1] INFO  marytts.R 1 - Synthesis (marytts.modules.Synthesis)
2015-09-22 11:37:33,327 [pool-1-thread-1] INFO  marytts.R 1 Next module: Synthesis
2015-09-22 11:37:33,372 [pool-1-thread-1] INFO  marytts.Synthesis Audio format conversion required for voice cmu-slt
2015-09-22 11:37:48,863 [Thread-7] INFO  marytts.main Shutting down modules...
2015-09-22 11:37:48,864 [Thread-7] INFO  marytts.JTokeniser Module shut down.
2015-09-22 11:37:48,864 [Thread-7] INFO  marytts.Preprocess Module shut down.
2015-09-22 11:37:48,864 [Thread-7] INFO  marytts.OpenNLPPosTagger Module shut down.
2015-09-22 11:37:48,865 [Thread-7] INFO  marytts.Prosody Module shut down.
2015-09-22 11:37:48,865 [Thread-7] INFO  marytts.PronunciationModel Module shut down.
2015-09-22 11:37:48,865 [Thread-7] INFO  marytts.SimplePhoneme2AP Module shut down.
2015-09-22 11:37:48,865 [Thread-7] INFO  marytts.JTokeniser Module shut down.
2015-09-22 11:37:48,865 [Thread-7] INFO  marytts.TokenToWords Module shut down.
2015-09-22 11:37:48,865 [Thread-7] INFO  marytts.JPhonemiser Module shut down.
2015-09-22 11:37:48,865 [Thread-7] INFO  marytts.JPhonemiser Module shut down.
2015-09-22 11:37:48,865 [Thread-7] INFO  marytts.Prosody Module shut down.
2015-09-22 11:37:48,865 [Thread-7] INFO  marytts.SimplePhoneme2AP Module shut down.
2015-09-22 11:37:48,865 [Thread-7] INFO  marytts.Utt2XML WordsEn Module shut down.
2015-09-22 11:37:48,866 [Thread-7] INFO  marytts.XML2Utt TokensEn Module shut down.
2015-09-22 11:37:48,866 [Thread-7] INFO  marytts.PronunciationModel Module shut down.
2015-09-22 11:37:48,866 [Thread-7] INFO  marytts.OpenNLPPosTagger Module shut down.
2015-09-22 11:37:48,866 [Thread-7] INFO  marytts.Synthesis Module shut down.
2015-09-22 11:37:48,866 [Thread-7] INFO  marytts.TextToMaryXML Module shut down.
2015-09-22 11:37:48,866 [Thread-7] INFO  marytts.SableParser Module shut down.
2015-09-22 11:37:48,866 [Thread-7] INFO  marytts.SSMLParser Module shut down.
2015-09-22 11:37:48,866 [Thread-7] INFO  marytts.APMLParser Module shut down.
2015-09-22 11:37:48,866 [Thread-7] INFO  marytts.EmotionmlParser Module shut down.
2015-09-22 11:37:48,866 [Thread-7] INFO  marytts.JTokeniser Module shut down.
2015-09-22 11:37:48,866 [Thread-7] INFO  marytts.DummyTokens2Words Module shut down.
2015-09-22 11:37:48,867 [Thread-7] INFO  marytts.Prosody Module shut down.
2015-09-22 11:37:48,867 [Thread-7] INFO  marytts.PronunciationModel Module shut down.
2015-09-22 11:37:48,867 [Thread-7] INFO  marytts.TargetFeatureLister Module shut down.
2015-09-22 11:37:48,867 [Thread-7] INFO  marytts.TargetFeatureLister Module shut down.
2015-09-22 11:37:48,867 [Thread-7] INFO  marytts.AcousticModeller Module shut down.
2015-09-22 11:37:48,867 [Thread-7] INFO  marytts.Realised acoustparams extractor Module shut down.
2015-09-22 11:37:48,867 [Thread-7] INFO  marytts.Realised durations extractor Module shut down.
2015-09-22 11:37:48,867 [Thread-7] INFO  marytts.HTSEngine Module shut down.
2015-09-22 11:37:48,867 [Thread-7] INFO  marytts.Praat TextGrid generator Module shut down.
2015-09-22 11:37:48,868 [Thread-7] INFO  marytts.main Shutdown complete.
